[2025-06-29 20:13:53] target_model: final_model.pth
[2025-06-29 20:13:53] method: original
[2025-06-29 20:13:53] model: ncf
[2025-06-29 20:13:53] lr: 0.001
[2025-06-29 20:13:53] batch_size: 256
[2025-06-29 20:13:53] epochs: 25
[2025-06-29 20:13:53] dataset_path: data/datasets/
[2025-06-29 20:13:53] dataset: ml-100k
[2025-06-29 20:13:53] num_ng: 4
[2025-06-29 20:13:53] test_num_ng: 99
[2025-06-29 20:13:53] device: cuda:0
[2025-06-29 20:13:53] au_trade_off: 1e-06
[2025-06-29 20:13:53] retrain_trade_off: 1
[2025-06-29 20:13:53] save_path: ./exp_results/ncf/ml-100k/original/
[2025-06-29 20:13:53] prepare ml-100k dataset...
[2025-06-29 20:13:54] prepare ncf model...
[2025-06-29 20:14:12] The time elapse of epoch 000 is 00: 00: 14
[2025-06-29 20:14:12] HR@5: 0.3712	NDCG@5: 0.2515
[2025-06-29 20:14:12] HR@10: 0.5567	NDCG@10: 0.3116
[2025-06-29 20:14:12] HR@15: 0.6649	NDCG@15: 0.3404
[2025-06-29 20:14:12] HR@20: 0.7391	NDCG@20: 0.3581
[2025-06-29 20:14:27] The time elapse of epoch 001 is 00: 00: 13
[2025-06-29 20:14:27] HR@5: 0.4210	NDCG@5: 0.2853
[2025-06-29 20:14:27] HR@10: 0.6098	NDCG@10: 0.3462
[2025-06-29 20:14:27] HR@15: 0.7116	NDCG@15: 0.3731
[2025-06-29 20:14:27] HR@20: 0.7762	NDCG@20: 0.3884
[2025-06-29 20:14:43] The time elapse of epoch 002 is 00: 00: 13
[2025-06-29 20:14:43] HR@5: 0.4369	NDCG@5: 0.3031
[2025-06-29 20:14:43] HR@10: 0.6341	NDCG@10: 0.3665
[2025-06-29 20:14:43] HR@15: 0.7211	NDCG@15: 0.3895
[2025-06-29 20:14:43] HR@20: 0.7943	NDCG@20: 0.4068
[2025-06-29 20:14:58] The time elapse of epoch 003 is 00: 00: 13
[2025-06-29 20:14:58] HR@5: 0.4433	NDCG@5: 0.3045
[2025-06-29 20:14:58] HR@10: 0.6373	NDCG@10: 0.3672
[2025-06-29 20:14:58] HR@15: 0.7381	NDCG@15: 0.3938
[2025-06-29 20:14:58] HR@20: 0.8081	NDCG@20: 0.4104
[2025-06-29 20:15:14] The time elapse of epoch 004 is 00: 00: 13
[2025-06-29 20:15:14] HR@5: 0.4528	NDCG@5: 0.3082
[2025-06-29 20:15:14] HR@10: 0.6363	NDCG@10: 0.3681
[2025-06-29 20:15:14] HR@15: 0.7349	NDCG@15: 0.3945
[2025-06-29 20:15:14] HR@20: 0.8038	NDCG@20: 0.4108
[2025-06-29 20:15:29] The time elapse of epoch 005 is 00: 00: 13
[2025-06-29 20:15:29] HR@5: 0.4411	NDCG@5: 0.3060
[2025-06-29 20:15:29] HR@10: 0.6405	NDCG@10: 0.3702
[2025-06-29 20:15:29] HR@15: 0.7476	NDCG@15: 0.3987
[2025-06-29 20:15:29] HR@20: 0.8123	NDCG@20: 0.4140
[2025-06-29 20:15:45] The time elapse of epoch 006 is 00: 00: 14
[2025-06-29 20:15:45] HR@5: 0.4422	NDCG@5: 0.3057
[2025-06-29 20:15:45] HR@10: 0.6310	NDCG@10: 0.3667
[2025-06-29 20:15:45] HR@15: 0.7402	NDCG@15: 0.3959
[2025-06-29 20:15:45] HR@20: 0.7985	NDCG@20: 0.4096
[2025-06-29 20:16:01] The time elapse of epoch 007 is 00: 00: 13
[2025-06-29 20:16:01] HR@5: 0.4507	NDCG@5: 0.3143
[2025-06-29 20:16:01] HR@10: 0.6363	NDCG@10: 0.3744
[2025-06-29 20:16:01] HR@15: 0.7317	NDCG@15: 0.3994
[2025-06-29 20:16:01] HR@20: 0.7858	NDCG@20: 0.4122
[2025-06-29 20:16:17] The time elapse of epoch 008 is 00: 00: 14
[2025-06-29 20:16:17] HR@5: 0.4443	NDCG@5: 0.3096
[2025-06-29 20:16:17] HR@10: 0.6278	NDCG@10: 0.3688
[2025-06-29 20:16:17] HR@15: 0.7381	NDCG@15: 0.3979
[2025-06-29 20:16:17] HR@20: 0.7953	NDCG@20: 0.4114
[2025-06-29 20:16:33] The time elapse of epoch 009 is 00: 00: 13
[2025-06-29 20:16:33] HR@5: 0.4443	NDCG@5: 0.3108
[2025-06-29 20:16:33] HR@10: 0.6098	NDCG@10: 0.3642
[2025-06-29 20:16:33] HR@15: 0.7179	NDCG@15: 0.3928
[2025-06-29 20:16:33] HR@20: 0.7847	NDCG@20: 0.4086
[2025-06-29 20:16:48] The time elapse of epoch 010 is 00: 00: 13
[2025-06-29 20:16:48] HR@5: 0.4284	NDCG@5: 0.2974
[2025-06-29 20:16:48] HR@10: 0.6023	NDCG@10: 0.3535
[2025-06-29 20:16:48] HR@15: 0.7041	NDCG@15: 0.3803
[2025-06-29 20:16:48] HR@20: 0.7720	NDCG@20: 0.3963
[2025-06-29 20:17:05] The time elapse of epoch 011 is 00: 00: 14
[2025-06-29 20:17:05] HR@5: 0.4168	NDCG@5: 0.2948
[2025-06-29 20:17:05] HR@10: 0.5875	NDCG@10: 0.3501
[2025-06-29 20:17:05] HR@15: 0.7031	NDCG@15: 0.3806
[2025-06-29 20:17:05] HR@20: 0.7709	NDCG@20: 0.3967
[2025-06-29 20:17:21] The time elapse of epoch 012 is 00: 00: 14
[2025-06-29 20:17:21] HR@5: 0.4168	NDCG@5: 0.2913
[2025-06-29 20:17:21] HR@10: 0.5896	NDCG@10: 0.3473
[2025-06-29 20:17:21] HR@15: 0.6840	NDCG@15: 0.3724
[2025-06-29 20:17:21] HR@20: 0.7582	NDCG@20: 0.3899
[2025-06-29 20:17:36] The time elapse of epoch 013 is 00: 00: 13
[2025-06-29 20:17:36] HR@5: 0.4083	NDCG@5: 0.2889
[2025-06-29 20:17:36] HR@10: 0.5716	NDCG@10: 0.3413
[2025-06-29 20:17:36] HR@15: 0.6766	NDCG@15: 0.3690
[2025-06-29 20:17:36] HR@20: 0.7497	NDCG@20: 0.3863
[2025-06-29 20:17:53] The time elapse of epoch 014 is 00: 00: 14
[2025-06-29 20:17:53] HR@5: 0.4083	NDCG@5: 0.2830
[2025-06-29 20:17:53] HR@10: 0.5801	NDCG@10: 0.3386
[2025-06-29 20:17:53] HR@15: 0.6819	NDCG@15: 0.3655
[2025-06-29 20:17:53] HR@20: 0.7529	NDCG@20: 0.3822
[2025-06-29 20:18:08] The time elapse of epoch 015 is 00: 00: 13
[2025-06-29 20:18:08] HR@5: 0.4125	NDCG@5: 0.2859
[2025-06-29 20:18:08] HR@10: 0.5864	NDCG@10: 0.3419
[2025-06-29 20:18:08] HR@15: 0.6797	NDCG@15: 0.3667
[2025-06-29 20:18:08] HR@20: 0.7593	NDCG@20: 0.3856
[2025-06-29 20:18:23] The time elapse of epoch 016 is 00: 00: 13
[2025-06-29 20:18:23] HR@5: 0.4062	NDCG@5: 0.2804
[2025-06-29 20:18:23] HR@10: 0.5663	NDCG@10: 0.3320
[2025-06-29 20:18:23] HR@15: 0.6713	NDCG@15: 0.3597
[2025-06-29 20:18:23] HR@20: 0.7391	NDCG@20: 0.3757
[2025-06-29 20:18:39] The time elapse of epoch 017 is 00: 00: 13
[2025-06-29 20:18:39] HR@5: 0.4083	NDCG@5: 0.2828
[2025-06-29 20:18:39] HR@10: 0.5758	NDCG@10: 0.3368
[2025-06-29 20:18:39] HR@15: 0.6766	NDCG@15: 0.3636
[2025-06-29 20:18:39] HR@20: 0.7466	NDCG@20: 0.3801
[2025-06-29 20:18:54] The time elapse of epoch 018 is 00: 00: 13
[2025-06-29 20:18:54] HR@5: 0.3934	NDCG@5: 0.2670
[2025-06-29 20:18:54] HR@10: 0.5716	NDCG@10: 0.3240
[2025-06-29 20:18:54] HR@15: 0.6755	NDCG@15: 0.3517
[2025-06-29 20:18:54] HR@20: 0.7444	NDCG@20: 0.3680
[2025-06-29 20:19:10] The time elapse of epoch 019 is 00: 00: 14
[2025-06-29 20:19:10] HR@5: 0.3977	NDCG@5: 0.2730
[2025-06-29 20:19:10] HR@10: 0.5620	NDCG@10: 0.3257
[2025-06-29 20:19:10] HR@15: 0.6713	NDCG@15: 0.3546
[2025-06-29 20:19:10] HR@20: 0.7476	NDCG@20: 0.3726
[2025-06-29 20:19:25] The time elapse of epoch 020 is 00: 00: 13
[2025-06-29 20:19:25] HR@5: 0.3966	NDCG@5: 0.2636
[2025-06-29 20:19:25] HR@10: 0.5557	NDCG@10: 0.3151
[2025-06-29 20:19:25] HR@15: 0.6628	NDCG@15: 0.3436
[2025-06-29 20:19:25] HR@20: 0.7413	NDCG@20: 0.3622
[2025-06-29 20:19:41] The time elapse of epoch 021 is 00: 00: 14
[2025-06-29 20:19:41] HR@5: 0.3796	NDCG@5: 0.2552
[2025-06-29 20:19:41] HR@10: 0.5451	NDCG@10: 0.3089
[2025-06-29 20:19:41] HR@15: 0.6617	NDCG@15: 0.3397
[2025-06-29 20:19:41] HR@20: 0.7306	NDCG@20: 0.3561
[2025-06-29 20:19:57] The time elapse of epoch 022 is 00: 00: 14
[2025-06-29 20:19:57] HR@5: 0.3871	NDCG@5: 0.2637
[2025-06-29 20:19:57] HR@10: 0.5514	NDCG@10: 0.3170
[2025-06-29 20:19:57] HR@15: 0.6554	NDCG@15: 0.3446
[2025-06-29 20:19:57] HR@20: 0.7391	NDCG@20: 0.3645
[2025-06-29 20:20:13] The time elapse of epoch 023 is 00: 00: 14
[2025-06-29 20:20:13] HR@5: 0.3902	NDCG@5: 0.2642
[2025-06-29 20:20:13] HR@10: 0.5493	NDCG@10: 0.3158
[2025-06-29 20:20:13] HR@15: 0.6713	NDCG@15: 0.3483
[2025-06-29 20:20:13] HR@20: 0.7391	NDCG@20: 0.3644
[2025-06-29 20:20:29] The time elapse of epoch 024 is 00: 00: 14
[2025-06-29 20:20:29] HR@5: 0.3998	NDCG@5: 0.2700
[2025-06-29 20:20:29] HR@10: 0.5525	NDCG@10: 0.3194
[2025-06-29 20:20:29] HR@15: 0.6744	NDCG@15: 0.3518
[2025-06-29 20:20:29] HR@20: 0.7381	NDCG@20: 0.3668
[2025-06-29 20:20:29] total_time: 00: 05: 48
[2025-06-29 20:20:29] End. Best epoch 005: HR = 0.6405, NDCG = 0.3702
